{
  message: 'MongoDB Connection Error: MongoParseError: Invalid scheme, expected connection string to start with "mongodb://" or "mongodb+srv://"',
  level: 'error',
  label: undefined,
  timestamp: '2023-11-24T11:39:16.734Z'
}
{
  name: 'KafkaJSNonRetriableError',
  retriable: false,
  helpUrl: undefined,
  level: 'error',
  message: 'Failed to connect Kafka Failed to connect: broker at index 0 is invalid "string"',
  stack: 'KafkaJSNonRetriableError: Failed to connect: broker at index 0 is invalid "string"\n' +
    '    at /Users/Eden/Desktop/payments/baseMS/node_modules/kafkajs/src/cluster/connectionPoolBuilder.js:58:17\n' +
    '    at Array.forEach (<anonymous>)\n' +
    '    at validateBrokers (/Users/Eden/Desktop/payments/baseMS/node_modules/kafkajs/src/cluster/connectionPoolBuilder.js:56:15)\n' +
    '    at getBrokers (/Users/Eden/Desktop/payments/baseMS/node_modules/kafkajs/src/cluster/connectionPoolBuilder.js:83:5)\n' +
    '    at Object.build (/Users/Eden/Desktop/payments/baseMS/node_modules/kafkajs/src/cluster/connectionPoolBuilder.js:91:28)\n' +
    '    at BrokerPool.createSeedBroker (/Users/Eden/Desktop/payments/baseMS/node_modules/kafkajs/src/cluster/brokerPool.js:70:61)\n' +
    '    at BrokerPool.connect (/Users/Eden/Desktop/payments/baseMS/node_modules/kafkajs/src/cluster/brokerPool.js:88:18)\n' +
    '    at /Users/Eden/Desktop/payments/baseMS/node_modules/kafkajs/src/cluster/index.js:107:36\n' +
    '    at Cluster.<anonymous> (/Users/Eden/Desktop/payments/baseMS/node_modules/kafkajs/src/utils/sharedPromiseTo.js:14:17)\n' +
    '    at Cluster.connect (/Users/Eden/Desktop/payments/baseMS/node_modules/kafkajs/src/cluster/index.js:146:32)',
  timestamp: '2023-11-24T11:58:02.859Z'
}
{
  message: 'MongoDB Connection Error: MongooseServerSelectionError: connect ECONNREFUSED ::1:27017',
  level: 'error',
  timestamp: '2023-11-25T18:41:57.046Z'
}
{
  message: 'MongoDB Connection Error: MongooseServerSelectionError: connect ECONNREFUSED ::1:27017',
  level: 'error',
  timestamp: '2023-11-25T19:55:16.098Z'
}
{
  message: 'MongoDB Connection Error: MongooseServerSelectionError: connect ECONNREFUSED ::1:27017',
  level: 'error',
  timestamp: '2023-11-25T20:10:32.101Z'
}
{
  message: 'MongoDB Connection Error: MongooseServerSelectionError: connect ECONNREFUSED ::1:27017',
  level: 'error',
  timestamp: '2023-11-25T20:20:49.499Z'
}
{
  message: 'MongoDB Connection Error: MongooseServerSelectionError: connect ECONNREFUSED ::1:27017',
  level: 'error',
  timestamp: '2023-11-25T20:41:12.906Z'
}
{
  message: "MongoDB Connection Error: MongooseServerSelectionError: Could not connect to any servers in your MongoDB Atlas cluster. One common reason is that you're trying to access the database from an IP that isn't whitelisted. Make sure your current IP address is on your Atlas cluster's IP whitelist: https://www.mongodb.com/docs/atlas/security-whitelist/",
  level: 'error',
  timestamp: '2023-11-26T08:34:15.322Z'
}
{
  message: 'Cast to ObjectId failed for value "6562fbf63e09f779d5253e18f" (type string) at path "userID" for model "User"',
  level: 'error',
  timestamp: '2023-11-26T19:12:14.135Z'
}
{
  message: 'Cast to ObjectId failed for value "6562fbf63e09f779d5253e1" (type string) at path "userID" for model "User"',
  level: 'error',
  timestamp: '2023-11-26T19:13:05.956Z'
}
{
  message: 'Cast to ObjectId failed for value "6562fbf63e09f779d525e17" (type string) at path "fromWalletId" for model "Transaction"',
  level: 'error',
  timestamp: '2023-11-26T21:02:11.470Z'
}
{
  message: 'Cast to ObjectId failed for value "6562fbf63e09f779d525e17" (type string) at path "fromWalletId" for model "Transaction"',
  level: 'error',
  timestamp: '2023-11-26T21:03:34.855Z'
}
{
  message: 'Cast to ObjectId failed for value "6562fbf63e09f779d525e17" (type string) at path "fromWalletId" for model "Transaction"',
  level: 'error',
  timestamp: '2023-11-26T21:07:07.299Z'
}
{
  message: 'MongoDB Connection Error: Error: querySrv ETIMEOUT _mongodb._tcp.cluster0.4aaua1q.mongodb.net',
  level: 'error',
  timestamp: '2023-11-27T09:35:46.061Z'
}
{
  message: 'Internal Server Error No Transaction As been Execute',
  level: 'error',
  timestamp: '2023-11-27T18:14:34.762Z'
}
{
  message: 'Internal Server Error No Transaction As been Execute',
  level: 'error',
  timestamp: '2023-11-27T18:14:49.747Z'
}
{
  message: 'Internal Server Error No Transaction As been Execute',
  level: 'error',
  timestamp: '2023-11-27T18:14:50.648Z'
}
{
  message: 'Internal Server Error No Transaction As been Execute',
  level: 'error',
  timestamp: '2023-11-27T18:14:51.400Z'
}
{
  message: 'Internal Server Error No Transaction As been Execute',
  level: 'error',
  timestamp: '2023-11-27T18:17:08.521Z'
}
